TN:
SF:/home/andrea/pds_project/packet_sniffer/src/lib.rs
FN:25,displace
FN:31,clone
FN:53,get_index
FN:54,fmt
FN:65,hash
FN:68,{closure#0}
FN:77,clone
FN:87,description
FN:98,fmt
FN:108,new_with_initial_len
FN:145,fmt
FN:168,new
FN:185,clone
FN:189,eq
FN:190,partial_cmp
FN:191,add
FN:192,from
FN:194,set_mac_src
FN:206,set_mac_dst
FN:218,set_ip_src
FN:230,set_ip_dst
FN:235,borrow
FN:242,set_port_src
FN:247,clone
FN:254,set_port_dst
FN:266,set_info
FN:270,set_protocol
FN:279,get_id
FN:283,get_mac_src
FN:290,get_mac_dst
FN:297,get_ip_src
FN:304,get_ip_dst
FN:311,get_port_src
FN:318,get_port_dst
FN:325,get_info
FN:332,get_protocol
FN:336,get_timestamp
FN:340,get_length
FN:377,partial_cmp
FN:379,get_name
FN:381,mac_address_to_string
FN:384,get_description
FN:388,empty_tm
FN:389,default
FN:390,from_name
FN:395,parse_ethernet
FN:418,into_glyph_id
FN:419,at
FN:421,new<genpdf::Mm, genpdf::Mm>
FN:423,parse_arp
FN:457,partial_cmp
FN:458,{closure#0}
FN:459,gcd
FN:460,eq
FN:461,parse_ipv4
FN:483,short_usage
FN:489,parse_ipv6
FN:497,usage
FN:511,le
FN:512,v_metrics
FN:516,parse_icmp
FN:528,cmp
FN:556,clone
FN:559,parse_tcp
FN:580,eq
FN:585,parse_udp
FN:606,validate_format
FN:610,parse_dns
FN:622,fmt
FN:625,pair_kerning<rusttype::GlyphId, rusttype::GlyphId>
FN:665,parse_tls
FN:736,parse_packet
FN:771,id
FN:778,from_raw_fd
FN:782,into_unscaled
FN:796,opt_vals
FN:812,opt_present
FN:849,add_assign
FN:875,{closure#0}
FN:876,opt_str
FN:878,new
FN:902,pixel_bounds_at
FN:903,gcd_lcm
FN:904,builder
FN:906,get_ip_src
FN:909,get_ip_dst
FN:912,get_port_src
FN:915,get_port_dst
FN:918,get_protocol
FN:921,get_initial_timestamp
FN:924,get_final_timestamp
FN:927,get_bytes_exchanged
FN:931,find_opt
FN:932,id
FN:935,{closure#0}
FN:936,from_networks
FN:943,unpositioned
FN:971,{closure#2}
FN:972,{closure#3}
FN:975,{closure#4}
FN:976,{closure#5}
FN:991,get_connections
FN:1042,update_connections
FN:1073,get_report
FN:1109,from
FN:1112,{closure#1}
FN:1140,build
FN:1144,read_i64_into<byteorder::LittleEndian>
FN:1225,assert_receiver_is_total_eq
FN:1238,new
FN:1256,target
FN:1310,{closure#0}
FN:1356,filter
FN:1422,write_i8_into<byteorder::LittleEndian>
FNF:114
FNDA:0,displace
FNDA:0,clone
FNDA:0,get_index
FNDA:0,fmt
FNDA:0,hash
FNDA:0,{closure#0}
FNDA:0,clone
FNDA:0,description
FNDA:0,fmt
FNDA:0,new_with_initial_len
FNDA:0,fmt
FNDA:4,new
FNDA:1,clone
FNDA:0,eq
FNDA:1,partial_cmp
FNDA:2,add
FNDA:2,from
FNDA:4,set_mac_src
FNDA:5,set_mac_dst
FNDA:1,set_ip_src
FNDA:2,set_ip_dst
FNDA:0,borrow
FNDA:1,set_port_src
FNDA:0,clone
FNDA:1,set_port_dst
FNDA:1,set_info
FNDA:2,set_protocol
FNDA:1,get_id
FNDA:2,get_mac_src
FNDA:1,get_mac_dst
FNDA:2,get_ip_src
FNDA:9,get_ip_dst
FNDA:1,get_port_src
FNDA:2,get_port_dst
FNDA:2,get_info
FNDA:2,get_protocol
FNDA:2,get_timestamp
FNDA:1,get_length
FNDA:0,partial_cmp
FNDA:0,get_name
FNDA:1,mac_address_to_string
FNDA:0,get_description
FNDA:0,empty_tm
FNDA:0,default
FNDA:0,from_name
FNDA:3,parse_ethernet
FNDA:1,into_glyph_id
FNDA:0,at
FNDA:2,new<genpdf::Mm, genpdf::Mm>
FNDA:3,parse_arp
FNDA:0,partial_cmp
FNDA:0,{closure#0}
FNDA:0,gcd
FNDA:0,eq
FNDA:2,parse_ipv4
FNDA:0,short_usage
FNDA:2,parse_ipv6
FNDA:0,usage
FNDA:0,le
FNDA:0,v_metrics
FNDA:1,parse_icmp
FNDA:0,cmp
FNDA:0,clone
FNDA:1,parse_tcp
FNDA:0,eq
FNDA:2,parse_udp
FNDA:0,validate_format
FNDA:1,parse_dns
FNDA:14,fmt
FNDA:1,pair_kerning<rusttype::GlyphId, rusttype::GlyphId>
FNDA:1,parse_tls
FNDA:1,parse_packet
FNDA:0,id
FNDA:0,from_raw_fd
FNDA:0,into_unscaled
FNDA:2,opt_vals
FNDA:4,opt_present
FNDA:2,add_assign
FNDA:0,{closure#0}
FNDA:2,opt_str
FNDA:3,new
FNDA:0,pixel_bounds_at
FNDA:0,gcd_lcm
FNDA:0,builder
FNDA:1,get_ip_src
FNDA:1,get_ip_dst
FNDA:1,get_port_src
FNDA:1,get_port_dst
FNDA:1,get_protocol
FNDA:1,get_initial_timestamp
FNDA:1,get_final_timestamp
FNDA:3,get_bytes_exchanged
FNDA:2,find_opt
FNDA:0,id
FNDA:0,{closure#0}
FNDA:1,from_networks
FNDA:0,unpositioned
FNDA:2,{closure#2}
FNDA:2,{closure#3}
FNDA:3,{closure#4}
FNDA:3,{closure#5}
FNDA:1,get_connections
FNDA:1,update_connections
FNDA:1,get_report
FNDA:0,from
FNDA:2,{closure#1}
FNDA:0,build
FNDA:0,read_i64_into<byteorder::LittleEndian>
FNDA:0,assert_receiver_is_total_eq
FNDA:0,new
FNDA:0,target
FNDA:0,{closure#0}
FNDA:0,filter
FNDA:0,write_i8_into<byteorder::LittleEndian>
DA:25,0
DA:27,0
DA:31,0
DA:53,0
DA:54,0
DA:55,0
DA:56,0
DA:57,0
DA:59,0
DA:60,0
DA:62,0
DA:63,0
DA:65,0
DA:66,0
DA:68,0
DA:69,0
DA:71,0
DA:72,0
DA:74,0
DA:75,0
DA:77,0
DA:78,0
DA:80,0
DA:81,0
DA:87,0
DA:97,0
DA:98,0
DA:99,0
DA:100,0
DA:101,0
DA:103,0
DA:104,0
DA:106,0
DA:107,0
DA:108,0
DA:112,0
DA:113,0
DA:114,0
DA:122,0
DA:144,0
DA:145,0
DA:146,0
DA:147,2
DA:149,0
DA:150,0
DA:151,1
DA:152,0
DA:153,1
DA:154,3
DA:155,0
DA:156,1
DA:157,1
DA:158,0
DA:159,0
DA:164,0
DA:165,0
DA:166,0
DA:167,0
DA:168,4
DA:184,0
DA:185,1
DA:187,1
DA:188,2
DA:189,0
DA:190,1
DA:191,2
DA:192,2
DA:194,4
DA:195,5
DA:196,4
DA:197,5
DA:199,2
DA:200,12
DA:201,9
DA:206,5
DA:207,4
DA:208,2
DA:209,2
DA:211,0
DA:212,11
DA:213,4
DA:218,1
DA:219,1
DA:220,1
DA:221,1
DA:223,0
DA:224,5
DA:225,2
DA:230,2
DA:231,2
DA:232,2
DA:233,1
DA:235,0
DA:236,5
DA:237,1
DA:242,1
DA:243,1
DA:244,1
DA:245,1
DA:247,0
DA:248,1
DA:249,1
DA:254,1
DA:255,2
DA:256,2
DA:257,2
DA:259,0
DA:260,1
DA:261,4
DA:266,1
DA:267,4
DA:270,2
DA:271,1
DA:274,0
DA:276,0
DA:277,0
DA:279,1
DA:280,1
DA:283,2
DA:284,1
DA:285,1
DA:286,1
DA:290,1
DA:291,1
DA:292,1
DA:293,1
DA:297,2
DA:298,2
DA:299,1
DA:300,1
DA:304,9
DA:305,2
DA:306,1
DA:307,2
DA:311,1
DA:312,1
DA:313,2
DA:314,4
DA:318,2
DA:319,5
DA:320,1
DA:321,2
DA:325,2
DA:326,1
DA:327,1
DA:328,1
DA:332,2
DA:333,2
DA:336,2
DA:337,2
DA:340,1
DA:341,2
DA:344,0
DA:376,2
DA:377,0
DA:378,0
DA:379,0
DA:380,0
DA:381,1
DA:382,1
DA:384,0
DA:388,0
DA:389,0
DA:390,0
DA:391,0
DA:392,0
DA:393,0
DA:394,0
DA:395,3
DA:399,3
DA:401,3
DA:402,3
DA:403,0
DA:404,6
DA:405,3
DA:407,4
DA:409,1
DA:413,0
DA:414,1
DA:415,0
DA:416,1
DA:418,1
DA:419,0
DA:420,1
DA:421,2
DA:422,2
DA:423,3
DA:427,1
DA:429,1
DA:430,1
DA:431,0
DA:432,2
DA:433,2
DA:434,2
DA:436,2
DA:437,1
DA:438,1
DA:440,0
DA:441,1
DA:443,0
DA:444,1
DA:448,1
DA:450,0
DA:454,1
DA:455,0
DA:456,0
DA:457,0
DA:458,0
DA:459,0
DA:460,0
DA:461,2
DA:465,3
DA:467,4
DA:468,3
DA:469,3
DA:470,4
DA:471,2
DA:472,2
DA:474,2
DA:476,2
DA:478,0
DA:482,0
DA:483,0
DA:484,0
DA:485,0
DA:486,0
DA:487,0
DA:488,0
DA:489,2
DA:493,2
DA:495,2
DA:496,2
DA:497,0
DA:498,4
DA:499,1
DA:500,2
DA:502,2
DA:504,2
DA:506,0
DA:510,0
DA:511,0
DA:512,0
DA:513,0
DA:514,0
DA:515,0
DA:516,1
DA:520,2
DA:522,2
DA:523,1
DA:524,0
DA:525,2
DA:527,2
DA:528,0
DA:529,1
DA:531,2
DA:532,2
DA:533,1
DA:534,1
DA:536,0
DA:537,1
DA:539,0
DA:540,1
DA:542,1
DA:543,0
DA:546,2
DA:548,0
DA:552,0
DA:553,0
DA:554,0
DA:555,0
DA:556,0
DA:557,0
DA:558,0
DA:559,1
DA:563,1
DA:565,1
DA:566,1
DA:567,0
DA:568,2
DA:569,2
DA:570,1
DA:572,1
DA:574,0
DA:578,0
DA:579,0
DA:580,0
DA:581,0
DA:582,0
DA:583,0
DA:584,1
DA:585,2
DA:589,2
DA:591,2
DA:592,2
DA:593,1
DA:594,2
DA:595,3
DA:596,1
DA:598,7
DA:600,0
DA:604,6
DA:605,6
DA:606,0
DA:608,0
DA:609,0
DA:610,1
DA:611,1
DA:613,1
DA:614,1
DA:615,1
DA:616,1
DA:617,1
DA:619,1
DA:621,1
DA:622,14
DA:623,1
DA:625,1
DA:626,1
DA:627,0
DA:628,2
DA:630,3
DA:631,3
DA:635,1
DA:636,2
DA:637,1
DA:640,1
DA:642,0
DA:643,0
DA:645,0
DA:646,0
DA:648,0
DA:649,0
DA:653,1
DA:655,1
DA:659,0
DA:660,0
DA:661,0
DA:662,0
DA:664,0
DA:665,1
DA:666,1
DA:668,1
DA:669,3
DA:670,1
DA:672,4
DA:673,1
DA:674,4
DA:675,2
DA:677,0
DA:678,2
DA:680,3
DA:681,2
DA:683,0
DA:684,2
DA:686,6
DA:687,0
DA:691,1
DA:693,1
DA:694,1
DA:697,0
DA:698,2
DA:700,1
DA:701,2
DA:702,3
DA:704,3
DA:705,1
DA:706,1
DA:708,0
DA:709,1
DA:711,0
DA:712,0
DA:714,1
DA:715,1
DA:717,1
DA:718,0
DA:720,0
DA:721,0
DA:725,1
DA:727,0
DA:733,0
DA:734,0
DA:735,0
DA:736,1
DA:740,1
DA:742,1
DA:743,2
DA:744,2
DA:746,1
DA:748,0
DA:749,2
DA:751,1
DA:752,0
DA:753,2
DA:755,1
DA:757,1
DA:759,4
DA:760,2
DA:762,2
DA:764,1
DA:766,0
DA:767,4
DA:769,1
DA:771,0
DA:772,0
DA:773,2
DA:778,0
DA:779,4
DA:781,1
DA:782,0
DA:783,2
DA:785,0
DA:787,0
DA:789,0
DA:790,2
DA:792,4
DA:794,1
DA:796,2
DA:797,3
DA:798,1
DA:803,2
DA:804,3
DA:805,2
DA:812,4
DA:819,0
DA:831,0
DA:849,2
DA:850,1
DA:851,3
DA:853,0
DA:855,4
DA:856,0
DA:858,1
DA:860,1
DA:861,1
DA:862,1
DA:863,1
DA:864,1
DA:865,2
DA:866,1
DA:867,1
DA:868,1
DA:869,1
DA:874,0
DA:875,0
DA:876,2
DA:877,2
DA:878,3
DA:894,1
DA:902,0
DA:903,0
DA:904,0
DA:906,1
DA:907,1
DA:909,1
DA:910,1
DA:912,1
DA:913,1
DA:915,1
DA:916,1
DA:918,1
DA:919,1
DA:921,1
DA:922,1
DA:924,1
DA:925,1
DA:927,3
DA:928,3
DA:931,2
DA:932,0
DA:933,0
DA:935,0
DA:936,1
DA:943,0
DA:944,0
DA:945,3
DA:948,2
DA:949,5
DA:950,2
DA:951,2
DA:952,2
DA:953,5
DA:954,2
DA:955,2
DA:956,2
DA:960,2
DA:961,1
DA:964,0
DA:965,1
DA:966,0
DA:967,3
DA:968,0
DA:969,1
DA:971,2
DA:972,2
DA:973,1
DA:975,3
DA:976,3
DA:978,1
DA:979,2
DA:980,1
DA:981,2
DA:982,1
DA:983,2
DA:984,0
DA:987,0
DA:991,1
DA:992,1
DA:993,1
DA:997,1
DA:999,2
DA:1003,2
DA:1005,2
DA:1006,1
DA:1007,1
DA:1008,1
DA:1011,1
DA:1012,1
DA:1014,0
DA:1015,1
DA:1017,4
DA:1018,0
DA:1020,0
DA:1021,2
DA:1023,2
DA:1026,0
DA:1027,4
DA:1028,8
DA:1029,2
DA:1030,2
DA:1031,2
DA:1035,1
DA:1036,1
DA:1038,2
DA:1042,1
DA:1046,0
DA:1047,1
DA:1049,0
DA:1050,1
DA:1051,1
DA:1052,3
DA:1053,2
DA:1054,1
DA:1055,1
DA:1056,1
DA:1057,1
DA:1058,1
DA:1060,2
DA:1063,2
DA:1064,1
DA:1067,1
DA:1069,1
DA:1073,1
DA:1078,1
DA:1082,0
DA:1083,1
DA:1084,0
DA:1085,0
DA:1087,2
DA:1088,2
DA:1091,1
DA:1092,2
DA:1093,2
DA:1094,2
DA:1095,6
DA:1096,2
DA:1097,2
DA:1098,2
DA:1099,2
DA:1100,2
DA:1101,2
DA:1105,0
DA:1106,1
DA:1107,0
DA:1108,1
DA:1109,0
DA:1110,2
DA:1112,2
DA:1117,0
DA:1118,1
DA:1123,1
DA:1125,1
DA:1126,0
DA:1127,1
DA:1128,1
DA:1129,1
DA:1133,1
DA:1134,3
DA:1135,2
DA:1137,2
DA:1140,0
DA:1143,1
DA:1144,0
DA:1145,1
DA:1146,3
DA:1147,2
DA:1148,0
DA:1149,2
DA:1155,1
DA:1157,1
DA:1159,2
DA:1160,1
DA:1161,1
DA:1162,3
DA:1163,2
DA:1166,1
DA:1167,3
DA:1168,2
DA:1171,1
DA:1172,3
DA:1173,2
DA:1176,1
DA:1177,3
DA:1178,2
DA:1181,1
DA:1182,3
DA:1183,2
DA:1186,1
DA:1187,3
DA:1188,2
DA:1191,1
DA:1192,3
DA:1193,2
DA:1194,0
DA:1196,1
DA:1197,3
DA:1198,2
DA:1199,0
DA:1201,1
DA:1202,3
DA:1203,2
DA:1204,0
DA:1206,1
DA:1207,3
DA:1208,2
DA:1211,1
DA:1212,3
DA:1213,2
DA:1214,0
DA:1216,1
DA:1218,1
DA:1219,14
DA:1222,5
DA:1223,2
DA:1224,2
DA:1225,0
DA:1228,4
DA:1230,2
DA:1232,2
DA:1233,2
DA:1237,4
DA:1238,0
DA:1239,2
DA:1241,2
DA:1242,2
DA:1246,4
DA:1248,2
DA:1250,2
DA:1251,2
DA:1252,0
DA:1255,4
DA:1256,0
DA:1257,2
DA:1259,2
DA:1260,2
DA:1264,4
DA:1265,0
DA:1266,2
DA:1268,2
DA:1269,2
DA:1270,0
DA:1273,4
DA:1274,0
DA:1275,2
DA:1277,2
DA:1278,2
DA:1279,0
DA:1282,5
DA:1283,2
DA:1284,2
DA:1288,5
DA:1289,2
DA:1290,2
DA:1291,0
DA:1294,5
DA:1295,2
DA:1296,2
DA:1297,0
DA:1300,5
DA:1301,2
DA:1302,2
DA:1303,0
DA:1308,1
DA:1310,0
DA:1311,1
DA:1313,1
DA:1314,3
DA:1315,2
DA:1316,0
DA:1317,2
DA:1319,0
DA:1323,1
DA:1325,1
DA:1326,2
DA:1327,1
DA:1328,1
DA:1329,3
DA:1330,2
DA:1333,1
DA:1334,3
DA:1335,2
DA:1338,1
DA:1339,3
DA:1340,2
DA:1341,0
DA:1343,1
DA:1344,3
DA:1345,2
DA:1348,1
DA:1349,3
DA:1350,2
DA:1353,1
DA:1354,3
DA:1355,2
DA:1356,0
DA:1358,1
DA:1359,3
DA:1360,2
DA:1363,1
DA:1364,3
DA:1365,2
DA:1366,0
DA:1368,1
DA:1369,3
DA:1370,2
DA:1371,0
DA:1373,1
DA:1375,1
DA:1376,12
DA:1379,5
DA:1380,2
DA:1381,2
DA:1382,0
DA:1385,4
DA:1386,0
DA:1387,2
DA:1389,2
DA:1390,2
DA:1394,4
DA:1396,2
DA:1398,2
DA:1399,2
DA:1403,4
DA:1405,2
DA:1407,2
DA:1408,2
DA:1409,0
DA:1412,4
DA:1414,2
DA:1416,2
DA:1417,2
DA:1421,4
DA:1422,0
DA:1423,2
DA:1425,2
DA:1426,2
DA:1427,0
DA:1430,4
DA:1432,2
DA:1434,2
DA:1435,2
DA:1439,4
DA:1441,2
DA:1443,2
DA:1444,2
DA:1448,4
DA:1450,2
DA:1452,2
DA:1453,2
DA:1454,0
DA:1459,1
DA:1462,1
DA:1463,2
DA:1464,1
DA:1465,1
DA:1467,2
DA:1468,2
DA:1470,1
DA:1471,1
DA:1472,0
DA:1475,1
DA:1480,0
DA:1482,0
LF:792
LH:559
end_of_record
TN:
SF:/home/andrea/pds_project/packet_sniffer/src/main.rs
FN:48,from
FN:53,from
FN:60,fmt
FN:72,print_info
FN:86,capture
FN:396,main
FN:545,set_device
FN:591,set_time_interval
FN:603,set_report_path
FNF:9
FNDA:0,from
FNDA:0,from
FNDA:0,fmt
FNDA:0,print_info
FNDA:0,capture
FNDA:0,main
FNDA:0,set_device
FNDA:0,set_time_interval
FNDA:0,set_report_path
DA:48,0
DA:49,0
DA:53,0
DA:54,0
DA:60,0
DA:61,0
DA:62,0
DA:63,0
DA:64,0
DA:65,0
DA:66,0
DA:67,0
DA:72,0
DA:73,0
DA:75,0
DA:78,0
DA:81,0
DA:86,0
DA:96,0
DA:99,0
DA:103,0
DA:104,0
DA:106,0
DA:107,0
DA:108,0
DA:110,0
DA:111,0
DA:112,0
DA:113,0
DA:117,0
DA:118,0
DA:119,0
DA:120,0
DA:124,0
DA:125,0
DA:127,0
DA:128,0
DA:136,0
DA:137,0
DA:139,0
DA:146,0
DA:154,0
DA:155,0
DA:156,0
DA:159,0
DA:160,0
DA:161,0
DA:162,0
DA:168,0
DA:173,0
DA:175,0
DA:176,0
DA:177,0
DA:181,0
DA:183,0
DA:187,0
DA:189,0
DA:191,0
DA:195,0
DA:196,0
DA:197,0
DA:198,0
DA:200,0
DA:201,0
DA:203,0
DA:205,0
DA:206,0
DA:209,0
DA:210,0
DA:211,0
DA:212,0
DA:215,0
DA:216,0
DA:217,0
DA:218,0
DA:223,0
DA:227,0
DA:230,0
DA:231,0
DA:232,0
DA:234,0
DA:235,0
DA:237,0
DA:239,0
DA:240,0
DA:243,0
DA:244,0
DA:245,0
DA:246,0
DA:249,0
DA:250,0
DA:251,0
DA:252,0
DA:257,0
DA:261,0
DA:265,0
DA:266,0
DA:271,0
DA:272,0
DA:273,0
DA:274,0
DA:275,0
DA:287,0
DA:288,0
DA:291,0
DA:292,0
DA:298,0
DA:299,0
DA:300,0
DA:302,0
DA:303,0
DA:304,0
DA:306,0
DA:308,0
DA:309,0
DA:310,0
DA:311,0
DA:312,0
DA:313,0
DA:320,0
DA:324,0
DA:326,0
DA:336,0
DA:342,0
DA:347,0
DA:348,0
DA:351,0
DA:354,0
DA:357,0
DA:359,0
DA:365,0
DA:366,0
DA:367,0
DA:370,0
DA:383,0
DA:384,0
DA:390,0
DA:391,0
DA:392,0
DA:396,0
DA:398,0
DA:401,0
DA:403,0
DA:405,0
DA:407,0
DA:410,0
DA:413,0
DA:414,0
DA:417,0
DA:418,0
DA:422,0
DA:423,0
DA:426,0
DA:428,0
DA:429,0
DA:430,0
DA:431,0
DA:434,0
DA:437,0
DA:444,0
DA:453,0
DA:455,0
DA:456,0
DA:457,0
DA:458,0
DA:462,0
DA:463,0
DA:466,0
DA:467,0
DA:471,0
DA:472,0
DA:475,0
DA:476,0
DA:479,0
DA:480,0
DA:481,0
DA:482,0
DA:485,0
DA:488,0
DA:497,0
DA:499,0
DA:501,0
DA:502,0
DA:503,0
DA:504,0
DA:505,0
DA:509,0
DA:510,0
DA:513,0
DA:514,0
DA:518,0
DA:519,0
DA:522,0
DA:523,0
DA:526,0
DA:527,0
DA:528,0
DA:529,0
DA:532,0
DA:533,0
DA:542,0
DA:545,0
DA:547,0
DA:548,0
DA:551,0
DA:553,0
DA:554,0
DA:555,0
DA:556,0
DA:559,0
DA:560,0
DA:564,0
DA:567,0
DA:570,0
DA:572,0
DA:573,0
DA:574,0
DA:576,0
DA:577,0
DA:579,0
DA:580,0
DA:581,0
DA:582,0
DA:584,0
DA:587,0
DA:591,0
DA:593,0
DA:594,0
DA:595,0
DA:596,0
DA:597,0
DA:599,0
DA:603,0
DA:605,0
DA:606,0
DA:609,0
DA:610,0
DA:611,0
DA:612,0
LF:239
LH:0
end_of_record
