TN:
SF:/home/andrea/pds_project/packet_sniffer/src/main.rs
FN:15,capture
FN:30,{closure#0}
FN:37,{closure#1}
FN:101,main
FNF:4
FNDA:0,capture
FNDA:0,{closure#0}
FNDA:0,{closure#1}
FNDA:0,main
DA:15,0
DA:17,0
DA:18,0
DA:26,0
DA:27,0
DA:30,0
DA:31,0
DA:32,0
DA:33,0
DA:37,0
DA:39,0
DA:45,0
DA:47,0
DA:51,0
DA:52,0
DA:53,0
DA:55,0
DA:56,0
DA:57,0
DA:58,0
DA:60,0
DA:61,0
DA:62,0
DA:63,0
DA:65,0
DA:69,0
DA:73,0
DA:74,0
DA:75,0
DA:76,0
DA:77,0
DA:78,0
DA:79,0
DA:80,0
DA:81,0
DA:82,0
DA:84,0
DA:85,0
DA:96,0
DA:101,0
DA:104,0
DA:108,0
DA:111,0
DA:113,0
DA:114,0
DA:115,0
DA:116,0
DA:119,0
DA:125,0
DA:128,0
DA:129,0
DA:130,0
DA:132,0
DA:134,0
DA:135,0
DA:136,0
DA:140,0
DA:141,0
DA:142,0
DA:143,0
DA:144,0
LF:61
LH:0
end_of_record
TN:
SF:/home/andrea/pds_project/packet_sniffer/src/parser.rs
FN:27,fmt
FN:88,new
FN:102,set_mac_src
FN:115,set_mac_dst
FN:128,set_ip_src
FN:141,set_ip_dst
FN:154,set_port_src
FN:167,set_port_dst
FN:180,set_info
FN:184,set_protocol
FN:193,get_id
FN:197,get_mac_src
FN:208,get_mac_dst
FN:219,get_ip_src
FN:230,get_ip_dst
FN:241,get_port_src
FN:252,get_port_dst
FN:263,get_info
FN:272,get_protocol
FN:276,get_timestamp
FN:280,get_length
FN:324,mac_address_to_string
FN:335,parse_ethernet
FN:365,parse_arp
FN:406,parse_ipv4
FN:435,parse_ipv6
FN:463,parse_icmp
FN:518,parse_tcp
FN:546,parse_udp
FN:573,parse_dns
FN:634,parse_tls
FN:709,parse_packet
FNF:32
FNDA:0,fmt
FNDA:7,new
FNDA:6,set_mac_src
FNDA:6,set_mac_dst
FNDA:1,set_ip_src
FNDA:1,set_ip_dst
FNDA:1,set_port_src
FNDA:1,set_port_dst
FNDA:1,set_info
FNDA:1,set_protocol
FNDA:1,get_id
FNDA:1,get_mac_src
FNDA:3,get_mac_dst
FNDA:1,get_ip_src
FNDA:1,get_ip_dst
FNDA:3,get_port_src
FNDA:3,get_port_dst
FNDA:1,get_info
FNDA:1,get_protocol
FNDA:1,get_timestamp
FNDA:1,get_length
FNDA:1,mac_address_to_string
FNDA:5,parse_ethernet
FNDA:1,parse_arp
FNDA:3,parse_ipv4
FNDA:1,parse_ipv6
FNDA:1,parse_icmp
FNDA:1,parse_tcp
FNDA:1,parse_udp
FNDA:1,parse_dns
FNDA:1,parse_tls
FNDA:1,parse_packet
DA:27,0
DA:28,0
DA:29,0
DA:30,0
DA:33,0
DA:36,0
DA:39,0
DA:42,0
DA:45,0
DA:48,0
DA:51,0
DA:54,0
DA:88,7
DA:102,6
DA:104,6
DA:106,1
DA:109,18
DA:110,6
DA:115,6
DA:117,6
DA:119,1
DA:122,18
DA:123,6
DA:128,1
DA:130,1
DA:132,1
DA:135,3
DA:136,1
DA:141,1
DA:143,1
DA:145,1
DA:148,3
DA:149,1
DA:154,1
DA:156,1
DA:158,1
DA:161,1
DA:162,1
DA:167,1
DA:169,1
DA:171,1
DA:174,1
DA:175,1
DA:180,1
DA:181,4
DA:184,1
DA:185,1
DA:193,1
DA:194,1
DA:197,1
DA:198,1
DA:199,3
DA:200,3
DA:203,1
DA:208,3
DA:209,3
DA:210,3
DA:211,3
DA:214,1
DA:219,1
DA:220,1
DA:221,1
DA:222,1
DA:225,1
DA:230,1
DA:231,1
DA:232,1
DA:233,3
DA:236,1
DA:241,3
DA:242,3
DA:243,1
DA:244,1
DA:247,3
DA:252,3
DA:253,4
DA:254,1
DA:255,1
DA:258,4
DA:263,1
DA:264,1
DA:265,1
DA:266,1
DA:268,1
DA:272,1
DA:273,1
DA:276,1
DA:277,1
DA:280,1
DA:281,1
DA:324,1
DA:325,1
DA:335,5
DA:336,5
DA:338,6
DA:340,6
DA:342,12
DA:343,6
DA:345,6
DA:347,0
DA:348,0
DA:365,1
DA:366,1
DA:368,1
DA:370,1
DA:372,2
DA:373,1
DA:374,1
DA:376,2
DA:377,0
DA:378,1
DA:380,0
DA:381,1
DA:383,0
DA:384,1
DA:385,1
DA:389,2
DA:391,0
DA:392,0
DA:406,3
DA:407,3
DA:409,3
DA:411,3
DA:413,6
DA:414,3
DA:415,3
DA:417,3
DA:419,3
DA:421,0
DA:422,0
DA:435,1
DA:436,1
DA:438,1
DA:440,1
DA:442,2
DA:443,1
DA:444,1
DA:446,1
DA:448,1
DA:450,0
DA:451,0
DA:463,1
DA:465,1
DA:467,1
DA:469,1
DA:471,1
DA:473,1
DA:474,0
DA:475,1
DA:477,0
DA:478,1
DA:480,0
DA:481,1
DA:483,0
DA:484,2
DA:485,1
DA:487,0
DA:488,1
DA:490,0
DA:491,1
DA:493,0
DA:494,1
DA:496,0
DA:497,0
DA:501,2
DA:503,0
DA:504,0
DA:518,1
DA:520,1
DA:522,1
DA:524,1
DA:526,2
DA:527,2
DA:528,1
DA:530,1
DA:532,0
DA:533,0
DA:546,1
DA:548,1
DA:550,1
DA:552,1
DA:554,2
DA:555,2
DA:556,2
DA:558,2
DA:560,0
DA:561,0
DA:573,1
DA:575,1
DA:577,2
DA:578,1
DA:579,1
DA:580,1
DA:581,1
DA:583,1
DA:585,1
DA:586,0
DA:588,1
DA:591,1
DA:592,0
DA:593,2
DA:595,1
DA:596,2
DA:601,2
DA:602,1
DA:605,2
DA:607,0
DA:608,0
DA:610,0
DA:611,0
DA:613,0
DA:614,0
DA:619,2
DA:622,0
DA:623,1
DA:634,1
DA:636,1
DA:638,1
DA:639,1
DA:641,1
DA:643,2
DA:644,1
DA:645,0
DA:646,2
DA:648,0
DA:649,0
DA:651,0
DA:652,1
DA:654,0
DA:655,2
DA:657,0
DA:658,0
DA:662,1
DA:664,0
DA:665,0
DA:666,0
DA:669,0
DA:671,1
DA:673,1
DA:674,1
DA:676,1
DA:678,1
DA:679,0
DA:680,0
DA:682,0
DA:683,1
DA:685,0
DA:686,0
DA:688,0
DA:689,0
DA:691,0
DA:692,0
DA:694,0
DA:695,0
DA:699,1
DA:701,0
DA:702,0
DA:709,1
DA:712,1
DA:714,1
DA:715,0
DA:716,2
DA:718,1
DA:720,0
DA:721,2
DA:723,1
DA:725,0
DA:726,2
DA:728,1
DA:730,1
DA:732,0
DA:733,2
DA:735,2
DA:737,1
DA:739,0
DA:741,2
DA:743,1
DA:746,0
DA:747,0
DA:754,0
DA:755,2
DA:757,1
DA:759,0
DA:760,0
DA:762,0
DA:764,0
DA:766,0
DA:767,2
DA:769,2
DA:771,1
DA:773,0
DA:774,2
DA:780,0
DA:781,0
LF:294
LH:207
end_of_record
